{"C:\\Users\\adam\\Documents\\test-interview\\fungsi_log\\readlog.js": {"path":"C:\\Users\\adam\\Documents\\test-interview\\fungsi_log\\readlog.js","statementMap":{"0":{"start":{"line":1,"column":11},"end":{"line":1,"column":24}},"1":{"start":{"line":2,"column":17},"end":{"line":2,"column":36}},"2":{"start":{"line":4,"column":12},"end":{"line":4,"column":22}},"3":{"start":{"line":6,"column":0},"end":{"line":28,"column":1}},"4":{"start":{"line":7,"column":23},"end":{"line":7,"column":63}},"5":{"start":{"line":8,"column":25},"end":{"line":8,"column":27}},"6":{"start":{"line":10,"column":23},"end":{"line":10,"column":55}},"7":{"start":{"line":11,"column":15},"end":{"line":11,"column":83}},"8":{"start":{"line":13,"column":4},"end":{"line":27,"column":5}},"9":{"start":{"line":14,"column":8},"end":{"line":23,"column":9}},"10":{"start":{"line":15,"column":26},"end":{"line":15,"column":81}},"11":{"start":{"line":16,"column":12},"end":{"line":16,"column":33}},"12":{"start":{"line":16,"column":24},"end":{"line":16,"column":33}},"13":{"start":{"line":18,"column":28},"end":{"line":18,"column":46}},"14":{"start":{"line":19,"column":29},"end":{"line":19,"column":37}},"15":{"start":{"line":20,"column":12},"end":{"line":22,"column":13}},"16":{"start":{"line":21,"column":16},"end":{"line":21,"column":75}},"17":{"start":{"line":24,"column":8},"end":{"line":24,"column":28}},"18":{"start":{"line":26,"column":8},"end":{"line":26,"column":59}}},"fnMap":{"0":{"name":"(anonymous_0)","decl":{"start":{"line":6,"column":34},"end":{"line":6,"column":35}},"loc":{"start":{"line":6,"column":57},"end":{"line":28,"column":1}},"line":6}},"branchMap":{"0":{"loc":{"start":{"line":16,"column":12},"end":{"line":16,"column":33}},"type":"if","locations":[{"start":{"line":16,"column":12},"end":{"line":16,"column":33}},{"start":{},"end":{}}],"line":16},"1":{"loc":{"start":{"line":20,"column":12},"end":{"line":22,"column":13}},"type":"if","locations":[{"start":{"line":20,"column":12},"end":{"line":22,"column":13}},{"start":{},"end":{}}],"line":20},"2":{"loc":{"start":{"line":20,"column":16},"end":{"line":20,"column":55}},"type":"binary-expr","locations":[{"start":{"line":20,"column":16},"end":{"line":20,"column":37}},{"start":{"line":20,"column":41},"end":{"line":20,"column":55}}],"line":20},"3":{"loc":{"start":{"line":21,"column":42},"end":{"line":21,"column":69}},"type":"binary-expr","locations":[{"start":{"line":21,"column":42},"end":{"line":21,"column":64}},{"start":{"line":21,"column":68},"end":{"line":21,"column":69}}],"line":21}},"s":{"0":1,"1":1,"2":1,"3":1,"4":2,"5":2,"6":2,"7":2,"8":2,"9":2,"10":6,"11":6,"12":2,"13":4,"14":4,"15":4,"16":2,"17":1,"18":1},"f":{"0":2},"b":{"0":[2,4],"1":[2,2],"2":[4,4],"3":[2,2]},"_coverageSchema":"1a1c01bbd47fc00a2c39e90264f33305004495a9","hash":"57b5155080035b5b33e660cfe8efb05e8b27bdaf"}
}
